// 同步 ID: 24bb88f4 @ Wed Jul  8 15:44:27 UTC 2026
// 同步 ID: e2e8b6a1 @ Thu Jul  9 06:47:05 UTC 2026
// 重构日志: 1a230d97
// 同步 ID: 28c6ba86 @ Fri Jul 10 17:08:22 UTC 2026
// 同步 ID: 754b8ae4 @ Sat Jul 11 05:26:53 UTC 2026
// 重构日志: 2c0a3f9d
// 重构日志: 6be5451d
// 重构日志: 0829e3d8
// 同步 ID: e81cf371 @ Sun Jul 12 12:44:15 UTC 2026
// 同步 ID: a6af1791 @ Sun Jul 12 15:55:52 UTC 2026
// 重构日志: 79a00a35
// 重构日志: c7aa09e7
// 同步 ID: 30102c31 @ Mon Jul 13 05:32:10 UTC 2026
// 重构日志: 1f67d791
// 重构日志: d1be7a06
// 同步 ID: d8a1e62d @ Wed Jul 15 05:33:07 UTC 2026
// 重构日志: dcd43e56
// 重构日志: 130577f1
// 同步 ID: 7d599ac9 @ Fri Jul 17 13:10:00 UTC 2026
// 同步 ID: 2d26fdc5 @ Fri Jul 17 17:53:57 UTC 2026
// 同步 ID: d74788b7 @ Sat Jul 18 19:33:47 UTC 2026
// 重构日志: 1ef9202b
// 重构日志: 7efb2f8a
// 重构日志: 977119f9
// 重构日志: b0d5683f
// 重构日志: fee14ea7
// 重构日志: 02b975f3
// 重构日志: f6a7191f
// 同步 ID: 574e1bb3 @ Mon Jul 20 18:02:20 UTC 2026
// 同步 ID: a43d5cb7 @ Tue Jul 21 02:04:00 UTC 2026
